<?xml version="1.0" encoding="UTF-8"?>
<!-- Generated by org.testng.reporters.JUnitReportReporter -->
<testsuite skipped="0" hostname="AU20R6LX1" name="com.ekaterina.DCUnitedTest" tests="1" failures="0" timestamp="01 Sep 2018 02:54:02 GMT" time="2.040" errors="0">
  <testcase name="navigatetocalc" time="2.040" classname="com.ekaterina.DCUnitedTest"/>
</testsuite> <!-- com.ekaterina.DCUnitedTest -->
