<?xml version="1.0" encoding="UTF-8"?>
<!-- Generated by org.testng.reporters.JUnitReportReporter -->
<testsuite skipped="0" hostname="AU20R6LX1" name="com.ekaterina.AppTest" tests="1" failures="0" timestamp="21 Jun 2018 01:16:05 GMT" time="0.007" errors="0">
  <testcase name="testApp" time="0.007" classname="com.ekaterina.AppTest"/>
</testsuite> <!-- com.ekaterina.AppTest -->
