<?xml version="1.0" encoding="UTF-8"?>
<!-- Generated by org.testng.reporters.JUnitReportReporter -->
<testsuite skipped="0" hostname="AU20R6LX1" name="com.ekaterina.MortgageCalculatorTest" tests="1" failures="0" timestamp="05 Nov 2018 02:19:08 GMT" time="13.902" errors="0">
  <testcase name="navigatetocalc" time="13.902" classname="com.ekaterina.MortgageCalculatorTest"/>
</testsuite> <!-- com.ekaterina.MortgageCalculatorTest -->
