<?xml version="1.0" encoding="UTF-8"?>
<!-- Generated by org.testng.reporters.JUnitReportReporter -->
<testsuite skipped="0" hostname="AU20R6LX1" name="com.ekaterina.BaseTest" tests="1" failures="0" timestamp="08 Jun 2018 03:04:08 GMT" time="2.441" errors="0">
  <testcase name="driverInitialization" time="2.441" classname="com.ekaterina.BaseTest"/>
</testsuite> <!-- com.ekaterina.BaseTest -->
