<?xml version="1.0" encoding="UTF-8"?>
<!-- Generated by org.testng.reporters.JUnitReportReporter -->
<testsuite skipped="3" hostname="AU20R6LX1" name="com.ekaterina.HomePageTest" tests="3" failures="0" timestamp="14 Oct 2018 21:41:48 GMT" time="0.000" errors="0">
  <testcase name="navigToBankRate" time="0.000" classname="com.ekaterina.HomePageTest">
    <skipped/>
  </testcase> <!-- navigToBankRate -->
  <testcase name="enterLogIn" time="0.000" classname="com.ekaterina.HomePageTest">
    <skipped/>
  </testcase> <!-- enterLogIn -->
  <testcase name="navigatetocalc" time="0.000" classname="com.ekaterina.HomePageTest">
    <skipped/>
  </testcase> <!-- navigatetocalc -->
</testsuite> <!-- com.ekaterina.HomePageTest -->
