<?xml version="1.0" encoding="UTF-8"?>
<!-- Generated by org.testng.reporters.JUnitReportReporter -->
<testsuite skipped="0" hostname="AU20R6LX1" name="com.ekaterina.MortgageCalculatorTest" tests="1" failures="0" timestamp="07 Nov 2018 02:01:28 GMT" time="11.156" errors="0">
  <testcase name="navigatetocalc" time="11.156" classname="com.ekaterina.MortgageCalculatorTest"/>
</testsuite> <!-- com.ekaterina.MortgageCalculatorTest -->
