<?xml version="1.0" encoding="UTF-8"?>
<!-- Generated by org.testng.reporters.JUnitReportReporter -->
<testsuite skipped="0" hostname="AU20R6LX1" name="com.ekaterina.MortgageCalculatorTest" tests="1" failures="0" timestamp="12 Oct 2018 16:12:13 GMT" time="13.582" errors="0">
  <testcase name="navigatetocalc" time="13.582" classname="com.ekaterina.MortgageCalculatorTest"/>
</testsuite> <!-- com.ekaterina.MortgageCalculatorTest -->
