<?xml version="1.0" encoding="UTF-8"?>
<!-- Generated by org.testng.reporters.JUnitReportReporter -->
<testsuite skipped="2" hostname="AU20R6LX1" name="com.ekaterina.BankRateTest" tests="2" failures="0" timestamp="14 Oct 2018 21:41:48 GMT" time="0.000" errors="0">
  <testcase name="navigToBankRate" time="0.000" classname="com.ekaterina.BankRateTest">
    <skipped/>
  </testcase> <!-- navigToBankRate -->
  <testcase name="navigatetocalc" time="0.000" classname="com.ekaterina.BankRateTest">
    <skipped/>
  </testcase> <!-- navigatetocalc -->
</testsuite> <!-- com.ekaterina.BankRateTest -->
